#
# A fatal error has been detected by the Java Runtime Environment:
#
#  SIGSEGV (0xb) at pc=0x00007f184c043125, pid=1609, tid=139741696730880
#
# JRE version: OpenJDK Runtime Environment (7.0_55-b14) (build 1.7.0_55-b14)
# Java VM: OpenJDK 64-Bit Server VM (24.51-b03 mixed mode linux-amd64 compressed oops)
# Problematic frame:
# V  [libjvm.so+0x4f0125]  frame::sender(RegisterMap*) const+0x245
#
# Failed to write core dump. Core dumps have been disabled. To enable core dumping, try "ulimit -c unlimited" before starting Java again
#
# If you would like to submit a bug report, please include
# instructions on how to reproduce the bug and visit:
#   http://icedtea.classpath.org/bugzilla
#

---------------  T H R E A D  ---------------

Current thread (0x00007f18440b5800):  JavaThread "JDWP Transport Listener: dt_socket" daemon [_thread_in_vm, id=1630, stack(0x00007f182621a000,0x00007f182631b000)]

siginfo:si_signo=SIGSEGV: si_errno=0, si_code=1 (SEGV_MAPERR), si_addr=0x0000000000000000

Registers:
RAX=0x0000000000000000, RBX=0x00007f1826318670, RCX=0x00007f18440316f0, RDX=0x00007f18263186d0
RSP=0x00007f18263185c0, RBP=0x00007f18263185f0, RSI=0x00007f1841005360, RDI=0x0000000000000000
R8 =0x00007f17e4b33320, R9 =0x0000000000000018, R10=0x0000000000000800, R11=0x0000000000000000
R12=0x00007f17f829ce88, R13=0x00007f1826318600, R14=0x00007f184c8fb638, R15=0x00007f18263186d0
RIP=0x00007f184c043125, EFLAGS=0x0000000000010246, CSGSFS=0x0000000000000033, ERR=0x0000000000000004
  TRAPNO=0x000000000000000e

Top of Stack: (sp=0x00007f18263185c0)
0x00007f18263185c0:   00007f1826318620 00007f1826318670
0x00007f18263185d0:   00007f18263186d0 00007f1826318600
0x00007f18263185e0:   00007f184c8fb638 000000000000001f
0x00007f18263185f0:   00007f1826318650 00007f184c04012c
0x00007f1826318600:   0000000000000000 00007f184c424666
0x00007f1826318610:   0000000000000000 00007f184c2bfbec
0x00007f1826318620:   00007f18263186f0 00007f184c373689
0x00007f1826318630:   00007f18263186d0 00007f17f829ce80
0x00007f1826318640:   00007f18263186d0 00007f1826318670
0x00007f1826318650:   00007f1826319280 00007f184c45fc67
0x00007f1826318660:   00007f184c8fb638 00007f18440b5d00
0x00007f1826318670:   00007f17e4b33330 00000006fbde9650
0x00007f1826318680:   0000000000000000 0000000000000000
0x00007f1826318690:   0000000000000000 00007f1841013b20
0x00007f18263186a0:   0000000000000000 00007f184c373689
0x00007f18263186b0:   00007f1826318750 00007f17f8b3b340
0x00007f18263186c0:   00007f1826318750 00007f18263186f0
0x00007f18263186d0:   0000000000000000 0000000000000000
0x00007f18263186e0:   0000000000000000 0000000000000000
0x00007f18263186f0:   0000000000000000 0000000000000000
0x00007f1826318700:   0000000000000000 0000000000000000
0x00007f1826318710:   0000000000000000 0000000000000000
0x00007f1826318720:   00007f17e4b33320 00007f17e4b33320
0x00007f1826318730:   0000000000000000 0000000000000000
0x00007f1826318740:   0000000000000000 0000000000000000
0x00007f1826318750:   0000000000000000 0000000000000000
0x00007f1826318760:   0000000000000000 0000000000000000
0x00007f1826318770:   0000000000000000 0000000000000000
0x00007f1826318780:   0000000000000000 0000000000000000
0x00007f1826318790:   0000000000000000 0000000000000000
0x00007f18263187a0:   0000000000000000 0000000000000000
0x00007f18263187b0:   0000000000000000 0000000000000000 

Instructions: (pc=0x00007f184c043125)
0x00007f184c043105:   e9 93 fe ff ff 66 0f 1f 44 00 00 c7 43 18 00 00
0x00007f184c043115:   00 00 e9 09 ff ff ff 0f 1f 40 00 49 8b 44 24 20
0x00007f184c043125:   48 8b 10 48 8b 78 08 48 83 c0 10 48 89 03 48 89
0x00007f184c043135:   43 28 48 89 53 20 e9 25 fe ff ff 48 8d 0d a9 95 

Register to memory mapping:

RAX=0x0000000000000000 is an unknown value
RBX=0x00007f1826318670 is pointing into the stack for thread: 0x00007f18440b5800
RCX=0x00007f18440316f0 is an unknown value
RDX=0x00007f18263186d0 is pointing into the stack for thread: 0x00007f18440b5800
RSP=0x00007f18263185c0 is pointing into the stack for thread: 0x00007f18440b5800
RBP=0x00007f18263185f0 is pointing into the stack for thread: 0x00007f18440b5800
RSI=0x00007f1841005360 is pointing into interpreter code (not bytecode specific)
RDI=0x0000000000000000 is an unknown value
R8 =0x00007f17e4b33320 is pointing into the stack for thread: 0x00007f1844251000
R9 =0x0000000000000018 is an unknown value
R10=0x0000000000000800 is an unknown value
R11=0x0000000000000000 is an unknown value
R12=0x00007f17f829ce88 is an unknown value
R13=0x00007f1826318600 is pointing into the stack for thread: 0x00007f18440b5800
R14=0x00007f184c8fb638: <offset 0xda8638> in /usr/lib/jvm/java-7-openjdk-amd64/jre/lib/amd64/server/libjvm.so at 0x00007f184bb53000
R15=0x00007f18263186d0 is pointing into the stack for thread: 0x00007f18440b5800


Stack: [0x00007f182621a000,0x00007f182631b000],  sp=0x00007f18263185c0,  free space=1017k
Native frames: (J=compiled Java code, j=interpreted, Vv=VM code, C=native code)
V  [libjvm.so+0x4f0125]  frame::sender(RegisterMap*) const+0x245
V  [libjvm.so+0x4ed12c]  frame::real_sender(RegisterMap*) const+0x1c
V  [libjvm.so+0x90cc67]  vframe::sender() const+0x57
V  [libjvm.so+0x90cf38]  vframe::java_sender() const+0x28
V  [libjvm.so+0x66e108]  JvmtiEnvBase::vframeFor(JavaThread*, int)+0x68
V  [libjvm.so+0x66efd7]  JvmtiEnvBase::get_frame_location(JavaThread*, int, _jmethodID**, long*)+0x77
V  [libjvm.so+0x665794]  JvmtiEnv::GetFrameLocation(JavaThread*, int, _jmethodID**, long*)+0xb4
V  [libjvm.so+0x61ef5e]  jvmti_GetFrameLocation+0x18e
C  [libjdwp.so+0xa4ca]  getenv+0xa4ca
C  [libjdwp.so+0x115d8]  Agent_OnLoad+0x1b18
C  [libjdwp.so+0x236e5]  Agent_OnLoad+0x13c25
V  [libjvm.so+0x680eeb]  JvmtiAgentThread::start_function_wrapper(JavaThread*, Thread*)+0x9b
V  [libjvm.so+0x8cf7c0]  JavaThread::thread_main_inner()+0xf0
V  [libjvm.so+0x8cfa31]  JavaThread::run()+0x221
V  [libjvm.so+0x7974e2]  java_start(Thread*)+0xf2


---------------  P R O C E S S  ---------------

Java Threads: ( => current thread )
  0x00007f1804001000 JavaThread "SIGTERM handler" daemon [_thread_blocked, id=1662, stack(0x00007f1826018000,0x00007f1826119000)]
  0x00007f184400c800 JavaThread "DestroyJavaVM" [_thread_blocked, id=1613, stack(0x00007f184d61b000,0x00007f184d71c000)]
  0x00007f1844251000 JavaThread "Thread-0" [_thread_blocked, id=1646, stack(0x00007f17e4a97000,0x00007f17e4b98000)]
  0x00007f184426b800 JavaThread "AWT-EventQueue-0" [_thread_blocked, id=1645, stack(0x00007f17e4b98000,0x00007f17e4c99000)]
  0x00007f1844269800 JavaThread "AWT-Shutdown" [_thread_blocked, id=1644, stack(0x00007f17e4c99000,0x00007f17e4d9a000)]
  0x00007f18441cf000 JavaThread "AWT-XAWT" daemon [_thread_in_native, id=1643, stack(0x00007f17e4d9a000,0x00007f17e4e9b000)]
  0x00007f18441ad800 JavaThread "Java2D Disposer" daemon [_thread_blocked, id=1642, stack(0x00007f17e4e9b000,0x00007f17e4f9c000)]
  0x00007f18440c0800 JavaThread "Service Thread" daemon [_thread_blocked, id=1638, stack(0x00007f1825d15000,0x00007f1825e16000)]
  0x00007f18440be000 JavaThread "C2 CompilerThread1" daemon [_thread_blocked, id=1637, stack(0x00007f1825e16000,0x00007f1825f17000)]
  0x00007f18440bb000 JavaThread "C2 CompilerThread0" daemon [_thread_blocked, id=1636, stack(0x00007f1825f17000,0x00007f1826018000)]
  0x00007f18440b9000 JavaThread "JDWP Event Helper Thread" daemon [_thread_blocked, id=1632, stack(0x00007f1826119000,0x00007f182621a000)]
=>0x00007f18440b5800 JavaThread "JDWP Transport Listener: dt_socket" daemon [_thread_in_vm, id=1630, stack(0x00007f182621a000,0x00007f182631b000)]
  0x00007f1844087000 JavaThread "Finalizer" daemon [_thread_blocked, id=1627, stack(0x00007f1826621000,0x00007f1826722000)]
  0x00007f1844085000 JavaThread "Reference Handler" daemon [_thread_blocked, id=1626, stack(0x00007f1826722000,0x00007f1826823000)]

Other Threads:
  0x00007f1844080800 VMThread [stack: 0x00007f1826823000,0x00007f1826924000] [id=1625]

VM state:synchronizing (normal execution)

VM Mutex/Monitor currently owned by a thread:  ([mutex/lock_event])
[0x00007f1844008af0] Threads_lock - owner thread: 0x00007f1844080800

Heap
 PSYoungGen      total 75264K, used 12626K [0x00000007ac900000, 0x00000007b1c80000, 0x0000000800000000)
  eden space 65024K, 19% used [0x00000007ac900000,0x00000007ad554a70,0x00000007b0880000)
  from space 10240K, 0% used [0x00000007b1280000,0x00000007b1280000,0x00000007b1c80000)
  to   space 10240K, 0% used [0x00000007b0880000,0x00000007b0880000,0x00000007b1280000)
 ParOldGen       total 170496K, used 0K [0x0000000705c00000, 0x0000000710280000, 0x00000007ac900000)
  object space 170496K, 0% used [0x0000000705c00000,0x0000000705c00000,0x0000000710280000)
 PSPermGen       total 21504K, used 8461K [0x00000006fb600000, 0x00000006fcb00000, 0x0000000705c00000)
  object space 21504K, 39% used [0x00000006fb600000,0x00000006fbe43750,0x00000006fcb00000)

Card table byte_map: [0x00007f1848e70000,0x00007f1849696000] byte_map_base: 0x00007f1845695000

Polling page: 0x00007f184d743000

Code Cache  [0x00007f1841000000, 0x00007f1841270000, 0x00007f1844000000)
 total_blobs=394 nmethods=14 adapters=342 free_code_cache=48647Kb largest_free_block=49802112

Compilation events (10 events):
Event: 0.603 Thread 0x00007f18440be000   10             java.lang.StrictMath::floorOrCeil (128 bytes)
Event: 0.603 Thread 0x00007f18440bb000   11             java.lang.Math::getExponent (5 bytes)
Event: 0.603 Thread 0x00007f18440bb000 nmethod 11 0x00007f184107f210 code [0x00007f184107f340, 0x00007f184107f398]
Event: 0.603 Thread 0x00007f18440bb000   12             sun.misc.FpUtils::getExponent (17 bytes)
Event: 0.603 Thread 0x00007f18440bb000 nmethod 12 0x00007f184107fd50 code [0x00007f184107fe80, 0x00007f184107fed8]
Event: 0.603 Thread 0x00007f18440bb000   13             myutils.Colors::get (10 bytes)
Event: 0.604 Thread 0x00007f18440be000 nmethod 10 0x00007f184107ef10 code [0x00007f184107f060, 0x00007f184107f118]
Event: 0.604 Thread 0x00007f18440be000   14             java.lang.Math::round (20 bytes)
Event: 0.604 Thread 0x00007f18440bb000 nmethod 13 0x00007f1841080350 code [0x00007f1841080500, 0x00007f1841080638]
Event: 0.604 Thread 0x00007f18440be000 nmethod 14 0x00007f184107ff90 code [0x00007f1841080120, 0x00007f1841080238]

GC Heap History (0 events):
No events

Deoptimization events (0 events):
No events

Internal exceptions (10 events):
Event: 0.194 Thread 0x00007f184400c800 Threw 0x00000007ac9a1368 at /build/buildd/openjdk-7-7u55-2.4.7/build/openjdk/hotspot/src/share/vm/classfile/systemDictionary.cpp:185
Event: 0.383 Thread 0x00007f184400c800 Threw 0x00000007aca05d80 at /build/buildd/openjdk-7-7u55-2.4.7/build/openjdk/hotspot/src/share/vm/prims/jvm.cpp:1244
Event: 0.383 Thread 0x00007f184400c800 Threw 0x00000007aca070f0 at /build/buildd/openjdk-7-7u55-2.4.7/build/openjdk/hotspot/src/share/vm/prims/jvm.cpp:1244
Event: 0.384 Thread 0x00007f184400c800 Threw 0x00000007aca0ce70 at /build/buildd/openjdk-7-7u55-2.4.7/build/openjdk/hotspot/src/share/vm/prims/jvm.cpp:1244
Event: 0.384 Thread 0x00007f184400c800 Threw 0x00000007aca0e1e0 at /build/buildd/openjdk-7-7u55-2.4.7/build/openjdk/hotspot/src/share/vm/prims/jvm.cpp:1244
Event: 0.564 Thread 0x00007f184400c800 Threw 0x00000007acdd3270 at /build/buildd/openjdk-7-7u55-2.4.7/build/openjdk/hotspot/src/share/vm/prims/jvm.cpp:1244
Event: 0.565 Thread 0x00007f1844251000 Threw 0x00000007ad0a0178 at /build/buildd/openjdk-7-7u55-2.4.7/build/openjdk/hotspot/src/share/vm/prims/jvm.cpp:1244
Event: 0.565 Thread 0x00007f1844251000 Threw 0x00000007ad0a1e68 at /build/buildd/openjdk-7-7u55-2.4.7/build/openjdk/hotspot/src/share/vm/prims/jvm.cpp:1244
Event: 0.594 Thread 0x00007f1844251000 Threw 0x00000007ad18c010 at /build/buildd/openjdk-7-7u55-2.4.7/build/openjdk/hotspot/src/share/vm/prims/jvm.cpp:1244
Event: 0.604 Thread 0x00007f1844251000 Threw 0x00000007ad18d888 at /build/buildd/openjdk-7-7u55-2.4.7/build/openjdk/hotspot/src/share/vm/interpreter/interpreterRuntime.cpp:304

Events (10 events):
Event: 12.756 loading class 0x00007f1848052d00
Event: 12.756 loading class 0x00007f1848052d00 done
Event: 12.756 Thread 0x00007f1804001000 Thread added: 0x00007f1804001000
Event: 12.757 Thread 0x00007f17f0001800 Thread added: 0x00007f17f0001800
Event: 12.757 loading class 0x00007f17f4060760
Event: 12.757 loading class 0x00007f17f89d6b80
Event: 12.757 loading class 0x00007f17f89d6b80 done
Event: 12.757 loading class 0x00007f17f4060760 done
Event: 12.757 Thread 0x00007f17f0001800 Thread exited: 0x00007f17f0001800
Event: 12.758 Thread 0x00007f18440a8800 Thread exited: 0x00007f18440a8800


Dynamic libraries:
00400000-00401000 r-xp 00000000 fc:00 1972204                            /usr/lib/jvm/java-7-openjdk-amd64/jre/bin/java
00600000-00601000 r--p 00000000 fc:00 1972204                            /usr/lib/jvm/java-7-openjdk-amd64/jre/bin/java
00601000-00602000 rw-p 00001000 fc:00 1972204                            /usr/lib/jvm/java-7-openjdk-amd64/jre/bin/java
00cf1000-00d12000 rw-p 00000000 00:00 0                                  [heap]
6fb600000-6fcb00000 rw-p 00000000 00:00 0 
6fcb00000-705c00000 rw-p 00000000 00:00 0 
705c00000-710280000 rw-p 00000000 00:00 0 
710280000-7ac900000 rw-p 00000000 00:00 0 
7ac900000-7b1c80000 rw-p 00000000 00:00 0 
7b1c80000-800000000 rw-p 00000000 00:00 0 
7f17c4000000-7f17c4021000 rw-p 00000000 00:00 0 
7f17c4021000-7f17c8000000 ---p 00000000 00:00 0 
7f17cc000000-7f17cc021000 rw-p 00000000 00:00 0 
7f17cc021000-7f17d0000000 ---p 00000000 00:00 0 
7f17d0000000-7f17d0021000 rw-p 00000000 00:00 0 
7f17d0021000-7f17d4000000 ---p 00000000 00:00 0 
7f17d4000000-7f17d4024000 rw-p 00000000 00:00 0 
7f17d4024000-7f17d8000000 ---p 00000000 00:00 0 
7f17d8000000-7f17d8021000 rw-p 00000000 00:00 0 
7f17d8021000-7f17dc000000 ---p 00000000 00:00 0 
7f17dc000000-7f17dc021000 rw-p 00000000 00:00 0 
7f17dc021000-7f17e0000000 ---p 00000000 00:00 0 
7f17e0000000-7f17e0021000 rw-p 00000000 00:00 0 
7f17e0021000-7f17e4000000 ---p 00000000 00:00 0 
7f17e4757000-7f17e48b5000 rw-p 00000000 00:00 0 
7f17e48b5000-7f17e48b8000 ---p 00000000 00:00 0 
7f17e48b8000-7f17e49b6000 rw-p 00000000 00:00 0 
7f17e49b6000-7f17e4a97000 rw-s 00000000 00:04 14090249                   /SYSV00000000 (deleted)
7f17e4a97000-7f17e4a9a000 ---p 00000000 00:00 0 
7f17e4a9a000-7f17e4b98000 rw-p 00000000 00:00 0                          [stack:1646]
7f17e4b98000-7f17e4b9b000 ---p 00000000 00:00 0 
7f17e4b9b000-7f17e4c99000 rw-p 00000000 00:00 0                          [stack:1645]
7f17e4c99000-7f17e4c9c000 ---p 00000000 00:00 0 
7f17e4c9c000-7f17e4d9a000 rw-p 00000000 00:00 0                          [stack:1644]
7f17e4d9a000-7f17e4d9d000 ---p 00000000 00:00 0 
7f17e4d9d000-7f17e4e9b000 rw-p 00000000 00:00 0                          [stack:1643]
7f17e4e9b000-7f17e4e9e000 ---p 00000000 00:00 0 
7f17e4e9e000-7f17e4f9c000 rw-p 00000000 00:00 0                          [stack:1642]
7f17e4f9c000-7f17e4fa0000 r-xp 00000000 fc:00 659499                     /lib/x86_64-linux-gnu/libgpg-error.so.0.10.0
7f17e4fa0000-7f17e519f000 ---p 00004000 fc:00 659499                     /lib/x86_64-linux-gnu/libgpg-error.so.0.10.0
7f17e519f000-7f17e51a0000 r--p 00003000 fc:00 659499                     /lib/x86_64-linux-gnu/libgpg-error.so.0.10.0
7f17e51a0000-7f17e51a1000 rw-p 00004000 fc:00 659499                     /lib/x86_64-linux-gnu/libgpg-error.so.0.10.0
7f17e51a1000-7f17e51a3000 r-xp 00000000 fc:00 659509                     /lib/x86_64-linux-gnu/libkeyutils.so.1.4
7f17e51a3000-7f17e53a3000 ---p 00002000 fc:00 659509                     /lib/x86_64-linux-gnu/libkeyutils.so.1.4
7f17e53a3000-7f17e53a4000 r--p 00002000 fc:00 659509                     /lib/x86_64-linux-gnu/libkeyutils.so.1.4
7f17e53a4000-7f17e53a5000 rw-p 00003000 fc:00 659509                     /lib/x86_64-linux-gnu/libkeyutils.so.1.4
7f17e53a5000-7f17e53bf000 r-xp 00000000 fc:00 1844914                    /usr/lib/x86_64-linux-gnu/libgraphite2.so.3.0.1
7f17e53bf000-7f17e55be000 ---p 0001a000 fc:00 1844914                    /usr/lib/x86_64-linux-gnu/libgraphite2.so.3.0.1
7f17e55be000-7f17e55c0000 r--p 00019000 fc:00 1844914                    /usr/lib/x86_64-linux-gnu/libgraphite2.so.3.0.1
7f17e55c0000-7f17e55c1000 rw-p 0001b000 fc:00 1844914                    /usr/lib/x86_64-linux-gnu/libgraphite2.so.3.0.1
7f17e55c1000-7f17e5605000 r-xp 00000000 fc:00 655453                     /lib/x86_64-linux-gnu/libdbus-1.so.3.7.6
7f17e5605000-7f17e5804000 ---p 00044000 fc:00 655453                     /lib/x86_64-linux-gnu/libdbus-1.so.3.7.6
7f17e5804000-7f17e5805000 r--p 00043000 fc:00 655453                     /lib/x86_64-linux-gnu/libdbus-1.so.3.7.6
7f17e5805000-7f17e5806000 rw-p 00044000 fc:00 655453                     /lib/x86_64-linux-gnu/libdbus-1.so.3.7.6
7f17e5806000-7f17e5841000 r-xp 00000000 fc:00 1845212                    /usr/lib/x86_64-linux-gnu/libp11-kit.so.0.0.0
7f17e5841000-7f17e5a40000 ---p 0003b000 fc:00 1845212                    /usr/lib/x86_64-linux-gnu/libp11-kit.so.0.0.0
7f17e5a40000-7f17e5a46000 r--p 0003a000 fc:00 1845212                    /usr/lib/x86_64-linux-gnu/libp11-kit.so.0.0.0
7f17e5a46000-7f17e5a48000 rw-p 00040000 fc:00 1845212                    /usr/lib/x86_64-linux-gnu/libp11-kit.so.0.0.0
7f17e5a48000-7f17e5a5a000 r-xp 00000000 fc:00 1845397                    /usr/lib/x86_64-linux-gnu/libtasn1.so.6.2.0
7f17e5a5a000-7f17e5c5a000 ---p 00012000 fc:00 1845397                    /usr/lib/x86_64-linux-gnu/libtasn1.so.6.2.0
7f17e5c5a000-7f17e5c5b000 r--p 00012000 fc:00 1845397                    /usr/lib/x86_64-linux-gnu/libtasn1.so.6.2.0
7f17e5c5b000-7f17e5c5c000 rw-p 00013000 fc:00 1845397                    /usr/lib/x86_64-linux-gnu/libtasn1.so.6.2.0
7f17e5c5c000-7f17e5cd7000 r-xp 00000000 fc:00 659495                     /lib/x86_64-linux-gnu/libgcrypt.so.11.8.2
7f17e5cd7000-7f17e5ed7000 ---p 0007b000 fc:00 659495                     /lib/x86_64-linux-gnu/libgcrypt.so.11.8.2
7f17e5ed7000-7f17e5ed8000 r--p 0007b000 fc:00 659495                     /lib/x86_64-linux-gnu/libgcrypt.so.11.8.2
7f17e5ed8000-7f17e5edb000 rw-p 0007c000 fc:00 659495                     /lib/x86_64-linux-gnu/libgcrypt.so.11.8.2
7f17e5edb000-7f17e5ee5000 r-xp 00000000 fc:00 1845095                    /usr/lib/x86_64-linux-gnu/libkrb5support.so.0.1
7f17e5ee5000-7f17e60e4000 ---p 0000a000 fc:00 1845095                    /usr/lib/x86_64-linux-gnu/libkrb5support.so.0.1
7f17e60e4000-7f17e60e5000 r--p 00009000 fc:00 1845095                    /usr/lib/x86_64-linux-gnu/libkrb5support.so.0.1
7f17e60e5000-7f17e60e6000 rw-p 0000a000 fc:00 1845095                    /usr/lib/x86_64-linux-gnu/libkrb5support.so.0.1
7f17e60e6000-7f17e60e9000 r-xp 00000000 fc:00 659475                     /lib/x86_64-linux-gnu/libcom_err.so.2.1
7f17e60e9000-7f17e62e8000 ---p 00003000 fc:00 659475                     /lib/x86_64-linux-gnu/libcom_err.so.2.1
7f17e62e8000-7f17e62e9000 r--p 00002000 fc:00 659475                     /lib/x86_64-linux-gnu/libcom_err.so.2.1
7f17e62e9000-7f17e62ea000 rw-p 00003000 fc:00 659475                     /lib/x86_64-linux-gnu/libcom_err.so.2.1
7f17e62ea000-7f17e6316000 r-xp 00000000 fc:00 1845089                    /usr/lib/x86_64-linux-gnu/libk5crypto.so.3.1
7f17e6316000-7f17e6515000 ---p 0002c000 fc:00 1845089                    /usr/lib/x86_64-linux-gnu/libk5crypto.so.3.1
7f17e6515000-7f17e6517000 r--p 0002b000 fc:00 1845089                    /usr/lib/x86_64-linux-gnu/libk5crypto.so.3.1
7f17e6517000-7f17e6518000 rw-p 0002d000 fc:00 1845089                    /usr/lib/x86_64-linux-gnu/libk5crypto.so.3.1
7f17e6518000-7f17e6519000 rw-p 00000000 00:00 0 
7f17e6519000-7f17e65d5000 r-xp 00000000 fc:00 1845093                    /usr/lib/x86_64-linux-gnu/libkrb5.so.3.3
7f17e65d5000-7f17e67d5000 ---p 000bc000 fc:00 1845093                    /usr/lib/x86_64-linux-gnu/libkrb5.so.3.3
7f17e67d5000-7f17e67e2000 r--p 000bc000 fc:00 1845093                    /usr/lib/x86_64-linux-gnu/libkrb5.so.3.3
7f17e67e2000-7f17e67e4000 rw-p 000c9000 fc:00 1845093                    /usr/lib/x86_64-linux-gnu/libkrb5.so.3.3
7f17e67e4000-7f17e67ea000 r-xp 00000000 fc:00 1844688                    /usr/lib/x86_64-linux-gnu/libdatrie.so.1.3.1
7f17e67ea000-7f17e69e9000 ---p 00006000 fc:00 1844688                    /usr/lib/x86_64-linux-gnu/libdatrie.so.1.3.1
7f17e69e9000-7f17e69ea000 r--p 00005000 fc:00 1844688                    /usr/lib/x86_64-linux-gnu/libdatrie.so.1.3.1
7f17e69ea000-7f17e69eb000 rw-p 00006000 fc:00 1844688                    /usr/lib/x86_64-linux-gnu/libdatrie.so.1.3.1
7f17e69eb000-7f17e6a3e000 r-xp 00000000 fc:00 1845027                    /usr/lib/x86_64-linux-gnu/libharfbuzz.so.0.927.0
7f17e6a3e000-7f17e6c3e000 ---p 00053000 fc:00 1845027                    /usr/lib/x86_64-linux-gnu/libharfbuzz.so.0.927.0
7f17e6c3e000-7f17e6c3f000 r--p 00053000 fc:00 1845027                    /usr/lib/x86_64-linux-gnu/libharfbuzz.so.0.927.0
7f17e6c3f000-7f17e6c40000 rw-p 00054000 fc:00 1845027                    /usr/lib/x86_64-linux-gnu/libharfbuzz.so.0.927.0
7f17e6c40000-7f17e6c48000 r-xp 00000000 fc:00 1845539                    /usr/lib/x86_64-linux-gnu/libxcb-render.so.0.0.0
7f17e6c48000-7f17e6e47000 ---p 00008000 fc:00 1845539                    /usr/lib/x86_64-linux-gnu/libxcb-render.so.0.0.0
7f17e6e47000-7f17e6e48000 r--p 00007000 fc:00 1845539                    /usr/lib/x86_64-linux-gnu/libxcb-render.so.0.0.0
7f17e6e48000-7f17e6e49000 rw-p 00008000 fc:00 1845539                    /usr/lib/x86_64-linux-gnu/libxcb-render.so.0.0.0
7f17e6e49000-7f17e6e4b000 r-xp 00000000 fc:00 1845543                    /usr/lib/x86_64-linux-gnu/libxcb-shm.so.0.0.0
7f17e6e4b000-7f17e704a000 ---p 00002000 fc:00 1845543                    /usr/lib/x86_64-linux-gnu/libxcb-shm.so.0.0.0
7f17e704a000-7f17e704b000 r--p 00001000 fc:00 1845543                    /usr/lib/x86_64-linux-gnu/libxcb-shm.so.0.0.0
7f17e704b000-7f17e704c000 rw-p 00002000 fc:00 1845543                    /usr/lib/x86_64-linux-gnu/libxcb-shm.so.0.0.0
7f17e704c000-7f17e7071000 r-xp 00000000 fc:00 659581                     /lib/x86_64-linux-gnu/libpng12.so.0.50.0
7f17e7071000-7f17e7270000 ---p 00025000 fc:00 659581                     /lib/x86_64-linux-gnu/libpng12.so.0.50.0
7f17e7270000-7f17e7271000 r--p 00024000 fc:00 659581                     /lib/x86_64-linux-gnu/libpng12.so.0.50.0
7f17e7271000-7f17e7272000 rw-p 00025000 fc:00 659581                     /lib/x86_64-linux-gnu/libpng12.so.0.50.0
7f17e7272000-7f17e7313000 r-xp 00000000 fc:00 1845243                    /usr/lib/x86_64-linux-gnu/libpixman-1.so.0.30.2
7f17e7313000-7f17e7513000 ---p 000a1000 fc:00 1845243                    /usr/lib/x86_64-linux-gnu/libpixman-1.so.0.30.2
7f17e7513000-7f17e751a000 r--p 000a1000 fc:00 1845243                    /usr/lib/x86_64-linux-gnu/libpixman-1.so.0.30.2
7f17e751a000-7f17e751b000 rw-p 000a8000 fc:00 1845243                    /usr/lib/x86_64-linux-gnu/libpixman-1.so.0.30.2
7f17e751b000-7f17e7520000 r-xp 00000000 fc:00 1844496                    /usr/lib/x86_64-linux-gnu/libXdmcp.so.6.0.0
7f17e7520000-7f17e771f000 ---p 00005000 fc:00 1844496                    /usr/lib/x86_64-linux-gnu/libXdmcp.so.6.0.0
7f17e771f000-7f17e7720000 r--p 00004000 fc:00 1844496                    /usr/lib/x86_64-linux-gnu/libXdmcp.so.6.0.0
7f17e7720000-7f17e7721000 rw-p 00005000 fc:00 1844496                    /usr/lib/x86_64-linux-gnu/libXdmcp.so.6.0.0
7f17e7721000-7f17e7723000 r-xp 00000000 fc:00 1844485                    /usr/lib/x86_64-linux-gnu/libXau.so.6.0.0
7f17e7723000-7f17e7923000 ---p 00002000 fc:00 1844485                    /usr/lib/x86_64-linux-gnu/libXau.so.6.0.0
7f17e7923000-7f17e7924000 r--p 00002000 fc:00 1844485                    /usr/lib/x86_64-linux-gnu/libXau.so.6.0.0
7f17e7924000-7f17e7925000 rw-p 00003000 fc:00 1844485                    /usr/lib/x86_64-linux-gnu/libXau.so.6.0.0
7f17e7925000-7f17e7934000 r-xp 00000000 fc:00 1844589                    /usr/lib/x86_64-linux-gnu/libavahi-client.so.3.2.9
7f17e7934000-7f17e7b34000 ---p 0000f000 fc:00 1844589                    /usr/lib/x86_64-linux-gnu/libavahi-client.so.3.2.9
7f17e7b34000-7f17e7b35000 r--p 0000f000 fc:00 1844589                    /usr/lib/x86_64-linux-gnu/libavahi-client.so.3.2.9
7f17e7b35000-7f17e7b36000 rw-p 00010000 fc:00 1844589                    /usr/lib/x86_64-linux-gnu/libavahi-client.so.3.2.9
7f17e7b36000-7f17e7b41000 r-xp 00000000 fc:00 1844591                    /usr/lib/x86_64-linux-gnu/libavahi-common.so.3.5.3
7f17e7b41000-7f17e7d40000 ---p 0000b000 fc:00 1844591                    /usr/lib/x86_64-linux-gnu/libavahi-common.so.3.5.3
7f17e7d40000-7f17e7d41000 r--p 0000a000 fc:00 1844591                    /usr/lib/x86_64-linux-gnu/libavahi-common.so.3.5.3
7f17e7d41000-7f17e7d42000 rw-p 0000b000 fc:00 1844591                    /usr/lib/x86_64-linux-gnu/libavahi-common.so.3.5.3
7f17e7d42000-7f17e7df8000 r-xp 00000000 fc:00 1836083                    /usr/lib/x86_64-linux-gnu/libgnutls.so.26.22.6
7f17e7df8000-7f17e7ff8000 ---p 000b6000 fc:00 1836083                    /usr/lib/x86_64-linux-gnu/libgnutls.so.26.22.6
7f17e7ff8000-7f17e7ffe000 r--p 000b6000 fc:00 1836083                    /usr/lib/x86_64-linux-gnu/libgnutls.so.26.22.6
7f17e7ffe000-7f17e7fff000 rw-p 000bc000 fc:00 1836083                    /usr/lib/x86_64-linux-gnu/libgnutls.so.26.22.6
7f17e7fff000-7f17e8000000 rw-p 00000000 00:00 0 
7f17e8000000-7f17e8028000 rw-p 00000000 00:00 0 
7f17e8028000-7f17ec000000 ---p 00000000 00:00 0 
7f17ec000000-7f17ec021000 rw-p 00000000 00:00 0 
7f17ec021000-7f17f0000000 ---p 00000000 00:00 0 
7f17f0000000-7f17f0021000 rw-p 00000000 00:00 0 
7f17f0021000-7f17f4000000 ---p 00000000 00:00 0 
7f17f4000000-7f17f4156000 rw-p 00000000 00:00 0 
7f17f4156000-7f17f8000000 ---p 00000000 00:00 0 
7f17f8000000-7f17f8b7c000 rw-p 00000000 00:00 0 
7f17f8b7c000-7f17fc000000 ---p 00000000 00:00 0 
7f17fc000000-7f17fc021000 rw-p 00000000 00:00 0 
7f17fc021000-7f1800000000 ---p 00000000 00:00 0 
7f1800000000-7f1800021000 rw-p 00000000 00:00 0 
7f1800021000-7f1804000000 ---p 00000000 00:00 0 
7f1804000000-7f1804021000 rw-p 00000000 00:00 0 
7f1804021000-7f1808000000 ---p 00000000 00:00 0 
7f1808000000-7f1808021000 rw-p 00000000 00:00 0 
7f1808021000-7f180c000000 ---p 00000000 00:00 0 
7f180c0b0000-7f180c0f3000 r-xp 00000000 fc:00 1844923                    /usr/lib/x86_64-linux-gnu/libgssapi_krb5.so.2.2
7f180c0f3000-7f180c2f3000 ---p 00043000 fc:00 1844923                    /usr/lib/x86_64-linux-gnu/libgssapi_krb5.so.2.2
7f180c2f3000-7f180c2f4000 r--p 00043000 fc:00 1844923                    /usr/lib/x86_64-linux-gnu/libgssapi_krb5.so.2.2
7f180c2f4000-7f180c2f6000 rw-p 00044000 fc:00 1844923                    /usr/lib/x86_64-linux-gnu/libgssapi_krb5.so.2.2
7f180c2f6000-7f180c333000 r-xp 00000000 fc:00 659569                     /lib/x86_64-linux-gnu/libpcre.so.3.13.1
7f180c333000-7f180c532000 ---p 0003d000 fc:00 659569                     /lib/x86_64-linux-gnu/libpcre.so.3.13.1
7f180c532000-7f180c533000 r--p 0003c000 fc:00 659569                     /lib/x86_64-linux-gnu/libpcre.so.3.13.1
7f180c533000-7f180c534000 rw-p 0003d000 fc:00 659569                     /lib/x86_64-linux-gnu/libpcre.so.3.13.1
7f180c534000-7f180c53b000 r-xp 00000000 fc:00 1844763                    /usr/lib/x86_64-linux-gnu/libffi.so.6.0.1
7f180c53b000-7f180c73a000 ---p 00007000 fc:00 1844763                    /usr/lib/x86_64-linux-gnu/libffi.so.6.0.1
7f180c73a000-7f180c73b000 r--p 00006000 fc:00 1844763                    /usr/lib/x86_64-linux-gnu/libffi.so.6.0.1
7f180c73b000-7f180c73c000 rw-p 00007000 fc:00 1844763                    /usr/lib/x86_64-linux-gnu/libffi.so.6.0.1
7f180c73c000-7f180c763000 r-xp 00000000 fc:00 659488                     /lib/x86_64-linux-gnu/libexpat.so.1.6.0
7f180c763000-7f180c963000 ---p 00027000 fc:00 659488                     /lib/x86_64-linux-gnu/libexpat.so.1.6.0
7f180c963000-7f180c965000 r--p 00027000 fc:00 659488                     /lib/x86_64-linux-gnu/libexpat.so.1.6.0
7f180c965000-7f180c966000 rw-p 00029000 fc:00 659488                     /lib/x86_64-linux-gnu/libexpat.so.1.6.0
7f180c966000-7f180ca03000 r-xp 00000000 fc:00 1839372                    /usr/lib/x86_64-linux-gnu/libfreetype.so.6.11.1
7f180ca03000-7f180cc02000 ---p 0009d000 fc:00 1839372                    /usr/lib/x86_64-linux-gnu/libfreetype.so.6.11.1
7f180cc02000-7f180cc08000 r--p 0009c000 fc:00 1839372                    /usr/lib/x86_64-linux-gnu/libfreetype.so.6.11.1
7f180cc08000-7f180cc09000 rw-p 000a2000 fc:00 1839372                    /usr/lib/x86_64-linux-gnu/libfreetype.so.6.11.1
7f180cc09000-7f180cc11000 r-xp 00000000 fc:00 1845413                    /usr/lib/x86_64-linux-gnu/libthai.so.0.2.0
7f180cc11000-7f180ce10000 ---p 00008000 fc:00 1845413                    /usr/lib/x86_64-linux-gnu/libthai.so.0.2.0
7f180ce10000-7f180ce11000 r--p 00007000 fc:00 1845413                    /usr/lib/x86_64-linux-gnu/libthai.so.0.2.0
7f180ce11000-7f180ce12000 rw-p 00008000 fc:00 1845413                    /usr/lib/x86_64-linux-gnu/libthai.so.0.2.0
7f180ce12000-7f180ce29000 r-xp 00000000 fc:00 659592                     /lib/x86_64-linux-gnu/libresolv-2.19.so
7f180ce29000-7f180d029000 ---p 00017000 fc:00 659592                     /lib/x86_64-linux-gnu/libresolv-2.19.so
7f180d029000-7f180d02a000 r--p 00017000 fc:00 659592                     /lib/x86_64-linux-gnu/libresolv-2.19.so
7f180d02a000-7f180d02b000 rw-p 00018000 fc:00 659592                     /lib/x86_64-linux-gnu/libresolv-2.19.so
7f180d02b000-7f180d02d000 rw-p 00000000 00:00 0 
7f180d02d000-7f180d04d000 r-xp 00000000 fc:00 655389                     /lib/x86_64-linux-gnu/libselinux.so.1
7f180d04d000-7f180d24c000 ---p 00020000 fc:00 655389                     /lib/x86_64-linux-gnu/libselinux.so.1
7f180d24c000-7f180d24d000 r--p 0001f000 fc:00 655389                     /lib/x86_64-linux-gnu/libselinux.so.1
7f180d24d000-7f180d24e000 rw-p 00020000 fc:00 655389                     /lib/x86_64-linux-gnu/libselinux.so.1
7f180d24e000-7f180d250000 rw-p 00000000 00:00 0 
7f180d250000-7f180d252000 r-xp 00000000 fc:00 1844494                    /usr/lib/x86_64-linux-gnu/libXdamage.so.1.1.0
7f180d252000-7f180d451000 ---p 00002000 fc:00 1844494                    /usr/lib/x86_64-linux-gnu/libXdamage.so.1.1.0
7f180d451000-7f180d452000 r--p 00001000 fc:00 1844494                    /usr/lib/x86_64-linux-gnu/libXdamage.so.1.1.0
7f180d452000-7f180d453000 rw-p 00002000 fc:00 1844494                    /usr/lib/x86_64-linux-gnu/libXdamage.so.1.1.0
7f180d453000-7f180d455000 r-xp 00000000 fc:00 1844490                    /usr/lib/x86_64-linux-gnu/libXcomposite.so.1.0.0
7f180d455000-7f180d654000 ---p 00002000 fc:00 1844490                    /usr/lib/x86_64-linux-gnu/libXcomposite.so.1.0.0
7f180d654000-7f180d655000 r--p 00001000 fc:00 1844490                    /usr/lib/x86_64-linux-gnu/libXcomposite.so.1.0.0
7f180d655000-7f180d656000 rw-p 00002000 fc:00 1844490                    /usr/lib/x86_64-linux-gnu/libXcomposite.so.1.0.0
7f180d656000-7f180d65f000 r-xp 00000000 fc:00 1844492                    /usr/lib/x86_64-linux-gnu/libXcursor.so.1.0.2
7f180d65f000-7f180d85e000 ---p 00009000 fc:00 1844492                    /usr/lib/x86_64-linux-gnu/libXcursor.so.1.0.2
7f180d85e000-7f180d85f000 r--p 00008000 fc:00 1844492                    /usr/lib/x86_64-linux-gnu/libXcursor.so.1.0.2
7f180d85f000-7f180d860000 rw-p 00009000 fc:00 1844492                    /usr/lib/x86_64-linux-gnu/libXcursor.so.1.0.2
7f180d860000-7f180d869000 r-xp 00000000 fc:00 1844518                    /usr/lib/x86_64-linux-gnu/libXrandr.so.2.2.0
7f180d869000-7f180da68000 ---p 00009000 fc:00 1844518                    /usr/lib/x86_64-linux-gnu/libXrandr.so.2.2.0
7f180da68000-7f180da69000 r--p 00008000 fc:00 1844518                    /usr/lib/x86_64-linux-gnu/libXrandr.so.2.2.0
7f180da69000-7f180da6a000 rw-p 00009000 fc:00 1844518                    /usr/lib/x86_64-linux-gnu/libXrandr.so.2.2.0
7f180da6a000-7f180da6c000 r-xp 00000000 fc:00 1844508                    /usr/lib/x86_64-linux-gnu/libXinerama.so.1.0.0
7f180da6c000-7f180dc6b000 ---p 00002000 fc:00 1844508                    /usr/lib/x86_64-linux-gnu/libXinerama.so.1.0.0
7f180dc6b000-7f180dc6c000 r--p 00001000 fc:00 1844508                    /usr/lib/x86_64-linux-gnu/libXinerama.so.1.0.0
7f180dc6c000-7f180dc6d000 rw-p 00002000 fc:00 1844508                    /usr/lib/x86_64-linux-gnu/libXinerama.so.1.0.0
7f180dc6d000-7f180dc81000 r-xp 00000000 fc:00 1845224                    /usr/lib/x86_64-linux-gnu/libpangoft2-1.0.so.0.3600.3
7f180dc81000-7f180de80000 ---p 00014000 fc:00 1845224                    /usr/lib/x86_64-linux-gnu/libpangoft2-1.0.so.0.3600.3
7f180de80000-7f180de81000 r--p 00013000 fc:00 1845224                    /usr/lib/x86_64-linux-gnu/libpangoft2-1.0.so.0.3600.3
7f180de81000-7f180de82000 rw-p 00014000 fc:00 1845224                    /usr/lib/x86_64-linux-gnu/libpangoft2-1.0.so.0.3600.3
7f180de82000-7f180df88000 r-xp 00000000 fc:00 1844616                    /usr/lib/x86_64-linux-gnu/libcairo.so.2.11301.0
7f180df88000-7f180e187000 ---p 00106000 fc:00 1844616                    /usr/lib/x86_64-linux-gnu/libcairo.so.2.11301.0
7f180e187000-7f180e18a000 r--p 00105000 fc:00 1844616                    /usr/lib/x86_64-linux-gnu/libcairo.so.2.11301.0
7f180e18a000-7f180e18b000 rw-p 00108000 fc:00 1844616                    /usr/lib/x86_64-linux-gnu/libcairo.so.2.11301.0
7f180e18b000-7f180e18d000 rw-p 00000000 00:00 0 
7f180e18d000-7f180e1ac000 r-xp 00000000 fc:00 1844577                    /usr/lib/x86_64-linux-gnu/libatk-1.0.so.0.21009.1
7f180e1ac000-7f180e3ac000 ---p 0001f000 fc:00 1844577                    /usr/lib/x86_64-linux-gnu/libatk-1.0.so.0.21009.1
7f180e3ac000-7f180e3ae000 r--p 0001f000 fc:00 1844577                    /usr/lib/x86_64-linux-gnu/libatk-1.0.so.0.21009.1
7f180e3ae000-7f180e3af000 rw-p 00021000 fc:00 1844577                    /usr/lib/x86_64-linux-gnu/libatk-1.0.so.0.21009.1
7f180e3af000-7f180e3b4000 r-xp 00000000 fc:00 1844500                    /usr/lib/x86_64-linux-gnu/libXfixes.so.3.1.0
7f180e3b4000-7f180e5b3000 ---p 00005000 fc:00 1844500                    /usr/lib/x86_64-linux-gnu/libXfixes.so.3.1.0
7f180e5b3000-7f180e5b4000 r--p 00004000 fc:00 1844500                    /usr/lib/x86_64-linux-gnu/libXfixes.so.3.1.0
7f180e5b4000-7f180e5b5000 rw-p 00005000 fc:00 1844500                    /usr/lib/x86_64-linux-gnu/libXfixes.so.3.1.0
7f180e5b5000-7f180e5c0000 r-xp 00000000 fc:00 1845222                    /usr/lib/x86_64-linux-gnu/libpangocairo-1.0.so.0.3600.3
7f180e5c0000-7f180e7c0000 ---p 0000b000 fc:00 1845222                    /usr/lib/x86_64-linux-gnu/libpangocairo-1.0.so.0.3600.3
7f180e7c0000-7f180e7c1000 r--p 0000b000 fc:00 1845222                    /usr/lib/x86_64-linux-gnu/libpangocairo-1.0.so.0.3600.3
7f180e7c1000-7f180e7c2000 rw-p 0000c000 fc:00 1845222                    /usr/lib/x86_64-linux-gnu/libpangocairo-1.0.so.0.3600.3
7f180e7c2000-7f180e7c5000 r-xp 00000000 fc:00 1844880                    /usr/lib/x86_64-linux-gnu/libgmodule-2.0.so.0.4000.0
7f180e7c5000-7f180e9c4000 ---p 00003000 fc:00 1844880                    /usr/lib/x86_64-linux-gnu/libgmodule-2.0.so.0.4000.0
7f180e9c4000-7f180e9c5000 r--p 00002000 fc:00 1844880                    /usr/lib/x86_64-linux-gnu/libgmodule-2.0.so.0.4000.0
7f180e9c5000-7f180e9c6000 rw-p 00003000 fc:00 1844880                    /usr/lib/x86_64-linux-gnu/libgmodule-2.0.so.0.4000.0
7f180e9c6000-7f180e9e3000 r-xp 00000000 fc:00 1845553                    /usr/lib/x86_64-linux-gnu/libxcb.so.1.1.0
7f180e9e3000-7f180ebe3000 ---p 0001d000 fc:00 1845553                    /usr/lib/x86_64-linux-gnu/libxcb.so.1.1.0
7f180ebe3000-7f180ebe4000 r--p 0001d000 fc:00 1845553                    /usr/lib/x86_64-linux-gnu/libxcb.so.1.1.0
7f180ebe4000-7f180ebe5000 rw-p 0001e000 fc:00 1845553                    /usr/lib/x86_64-linux-gnu/libxcb.so.1.1.0
7f180ebe5000-7f180ec51000 r-xp 00000000 fc:00 1844674                    /usr/lib/x86_64-linux-gnu/libcups.so.2
7f180ec51000-7f180ee51000 ---p 0006c000 fc:00 1844674                    /usr/lib/x86_64-linux-gnu/libcups.so.2
7f180ee51000-7f180ee58000 r--p 0006c000 fc:00 1844674                    /usr/lib/x86_64-linux-gnu/libcups.so.2
7f180ee58000-7f180ee59000 rw-p 00073000 fc:00 1844674                    /usr/lib/x86_64-linux-gnu/libcups.so.2
7f180ee59000-7f180ef5f000 r-xp 00000000 fc:00 659497                     /lib/x86_64-linux-gnu/libglib-2.0.so.0.4000.0
7f180ef5f000-7f180f15e000 ---p 00106000 fc:00 659497                     /lib/x86_64-linux-gnu/libglib-2.0.so.0.4000.0
7f180f15e000-7f180f15f000 r--p 00105000 fc:00 659497                     /lib/x86_64-linux-gnu/libglib-2.0.so.0.4000.0
7f180f15f000-7f180f160000 rw-p 00106000 fc:00 659497                     /lib/x86_64-linux-gnu/libglib-2.0.so.0.4000.0
7f180f160000-7f180f161000 rw-p 00000000 00:00 0 
7f180f161000-7f180f162000 r-xp 00000000 fc:00 1845003                    /usr/lib/x86_64-linux-gnu/libgthread-2.0.so.0.4000.0
7f180f162000-7f180f361000 ---p 00001000 fc:00 1845003                    /usr/lib/x86_64-linux-gnu/libgthread-2.0.so.0.4000.0
7f180f361000-7f180f362000 r--p 00000000 fc:00 1845003                    /usr/lib/x86_64-linux-gnu/libgthread-2.0.so.0.4000.0
7f180f362000-7f180f363000 rw-p 00001000 fc:00 1845003                    /usr/lib/x86_64-linux-gnu/libgthread-2.0.so.0.4000.0
7f180f363000-7f180f3b2000 r-xp 00000000 fc:00 1844896                    /usr/lib/x86_64-linux-gnu/libgobject-2.0.so.0.4000.0
7f180f3b2000-7f180f5b2000 ---p 0004f000 fc:00 1844896                    /usr/lib/x86_64-linux-gnu/libgobject-2.0.so.0.4000.0
7f180f5b2000-7f180f5b3000 r--p 0004f000 fc:00 1844896                    /usr/lib/x86_64-linux-gnu/libgobject-2.0.so.0.4000.0
7f180f5b3000-7f180f5b4000 rw-p 00050000 fc:00 1844896                    /usr/lib/x86_64-linux-gnu/libgobject-2.0.so.0.4000.0
7f180f5b4000-7f180f5ee000 r-xp 00000000 fc:00 1839364                    /usr/lib/x86_64-linux-gnu/libfontconfig.so.1.8.0
7f180f5ee000-7f180f7ed000 ---p 0003a000 fc:00 1839364                    /usr/lib/x86_64-linux-gnu/libfontconfig.so.1.8.0
7f180f7ed000-7f180f7ef000 r--p 00039000 fc:00 1839364                    /usr/lib/x86_64-linux-gnu/libfontconfig.so.1.8.0
7f180f7ef000-7f180f7f0000 rw-p 0003b000 fc:00 1839364                    /usr/lib/x86_64-linux-gnu/libfontconfig.so.1.8.0
7f180f7f0000-7f180f83a000 r-xp 00000000 fc:00 1845220                    /usr/lib/x86_64-linux-gnu/libpango-1.0.so.0.3600.3
7f180f83a000-7f180fa3a000 ---p 0004a000 fc:00 1845220                    /usr/lib/x86_64-linux-gnu/libpango-1.0.so.0.3600.3
7f180fa3a000-7f180fa3c000 r--p 0004a000 fc:00 1845220                    /usr/lib/x86_64-linux-gnu/libpango-1.0.so.0.3600.3
7f180fa3c000-7f180fa3d000 rw-p 0004c000 fc:00 1845220                    /usr/lib/x86_64-linux-gnu/libpango-1.0.so.0.3600.3
7f180fa3d000-7f180fba8000 r-xp 00000000 fc:00 1844866                    /usr/lib/x86_64-linux-gnu/libgio-2.0.so.0.4000.0
7f180fba8000-7f180fda8000 ---p 0016b000 fc:00 1844866                    /usr/lib/x86_64-linux-gnu/libgio-2.0.so.0.4000.0
7f180fda8000-7f180fdac000 r--p 0016b000 fc:00 1844866                    /usr/lib/x86_64-linux-gnu/libgio-2.0.so.0.4000.0
7f180fdac000-7f180fdae000 rw-p 0016f000 fc:00 1844866                    /usr/lib/x86_64-linux-gnu/libgio-2.0.so.0.4000.0
7f180fdae000-7f1818000000 rw-p 00000000 00:00 0 
7f1818000000-7f1818021000 rw-p 00000000 00:00 0 
7f1818021000-7f181c000000 ---p 00000000 00:00 0 
7f181c000000-7f181c021000 rw-p 00000000 00:00 0 
7f181c021000-7f1820000000 ---p 00000000 00:00 0 
7f1820000000-7f1820021000 rw-p 00000000 00:00 0 
7f1820021000-7f1824000000 ---p 00000000 00:00 0 
7f1824056000-7f1824075000 r-xp 00000000 fc:00 1844842                    /usr/lib/x86_64-linux-gnu/libgdk_pixbuf-2.0.so.0.3000.7
7f1824075000-7f1824275000 ---p 0001f000 fc:00 1844842                    /usr/lib/x86_64-linux-gnu/libgdk_pixbuf-2.0.so.0.3000.7
7f1824275000-7f1824276000 r--p 0001f000 fc:00 1844842                    /usr/lib/x86_64-linux-gnu/libgdk_pixbuf-2.0.so.0.3000.7
7f1824276000-7f1824277000 rw-p 00020000 fc:00 1844842                    /usr/lib/x86_64-linux-gnu/libgdk_pixbuf-2.0.so.0.3000.7
7f1824277000-7f1824324000 r-xp 00000000 fc:00 1841118                    /usr/lib/x86_64-linux-gnu/libgdk-x11-2.0.so.0.2400.23
7f1824324000-7f1824523000 ---p 000ad000 fc:00 1841118                    /usr/lib/x86_64-linux-gnu/libgdk-x11-2.0.so.0.2400.23
7f1824523000-7f1824527000 r--p 000ac000 fc:00 1841118                    /usr/lib/x86_64-linux-gnu/libgdk-x11-2.0.so.0.2400.23
7f1824527000-7f1824529000 rw-p 000b0000 fc:00 1841118                    /usr/lib/x86_64-linux-gnu/libgdk-x11-2.0.so.0.2400.23
7f1824529000-7f1824958000 r-xp 00000000 fc:00 1841117                    /usr/lib/x86_64-linux-gnu/libgtk-x11-2.0.so.0.2400.23
7f1824958000-7f1824b57000 ---p 0042f000 fc:00 1841117                    /usr/lib/x86_64-linux-gnu/libgtk-x11-2.0.so.0.2400.23
7f1824b57000-7f1824b5e000 r--p 0042e000 fc:00 1841117                    /usr/lib/x86_64-linux-gnu/libgtk-x11-2.0.so.0.2400.23
7f1824b5e000-7f1824b62000 rw-p 00435000 fc:00 1841117                    /usr/lib/x86_64-linux-gnu/libgtk-x11-2.0.so.0.2400.23
7f1824b62000-7f1824b65000 rw-p 00000000 00:00 0 
7f1824b65000-7f1824b74000 r-xp 00000000 fc:00 1844506                    /usr/lib/x86_64-linux-gnu/libXi.so.6.1.0
7f1824b74000-7f1824d73000 ---p 0000f000 fc:00 1844506                    /usr/lib/x86_64-linux-gnu/libXi.so.6.1.0
7f1824d73000-7f1824d74000 r--p 0000e000 fc:00 1844506                    /usr/lib/x86_64-linux-gnu/libXi.so.6.1.0
7f1824d74000-7f1824d75000 rw-p 0000f000 fc:00 1844506                    /usr/lib/x86_64-linux-gnu/libXi.so.6.1.0
7f1824d75000-7f1824d7a000 r-xp 00000000 fc:00 1844526                    /usr/lib/x86_64-linux-gnu/libXtst.so.6.1.0
7f1824d7a000-7f1824f79000 ---p 00005000 fc:00 1844526                    /usr/lib/x86_64-linux-gnu/libXtst.so.6.1.0
7f1824f79000-7f1824f7a000 r--p 00004000 fc:00 1844526                    /usr/lib/x86_64-linux-gnu/libXtst.so.6.1.0
7f1824f7a000-7f1824f7b000 rw-p 00005000 fc:00 1844526                    /usr/lib/x86_64-linux-gnu/libXtst.so.6.1.0
7f1824f7b000-7f1824f84000 r-xp 00000000 fc:00 1844520                    /usr/lib/x86_64-linux-gnu/libXrender.so.1.3.0
7f1824f84000-7f1825183000 ---p 00009000 fc:00 1844520                    /usr/lib/x86_64-linux-gnu/libXrender.so.1.3.0
7f1825183000-7f1825184000 r--p 00008000 fc:00 1844520                    /usr/lib/x86_64-linux-gnu/libXrender.so.1.3.0
7f1825184000-7f1825185000 rw-p 00009000 fc:00 1844520                    /usr/lib/x86_64-linux-gnu/libXrender.so.1.3.0
7f1825185000-7f18252b5000 r-xp 00000000 fc:00 1844481                    /usr/lib/x86_64-linux-gnu/libX11.so.6.3.0
7f18252b5000-7f18254b5000 ---p 00130000 fc:00 1844481                    /usr/lib/x86_64-linux-gnu/libX11.so.6.3.0
7f18254b5000-7f18254b6000 r--p 00130000 fc:00 1844481                    /usr/lib/x86_64-linux-gnu/libX11.so.6.3.0
7f18254b6000-7f18254ba000 rw-p 00131000 fc:00 1844481                    /usr/lib/x86_64-linux-gnu/libX11.so.6.3.0
7f18254ba000-7f18254cb000 r-xp 00000000 fc:00 1844498                    /usr/lib/x86_64-linux-gnu/libXext.so.6.4.0
7f18254cb000-7f18256ca000 ---p 00011000 fc:00 1844498                    /usr/lib/x86_64-linux-gnu/libXext.so.6.4.0
7f18256ca000-7f18256cb000 r--p 00010000 fc:00 1844498                    /usr/lib/x86_64-linux-gnu/libXext.so.6.4.0
7f18256cb000-7f18256cc000 rw-p 00011000 fc:00 1844498                    /usr/lib/x86_64-linux-gnu/libXext.so.6.4.0
7f18256ef000-7f1825740000 r-xp 00000000 fc:00 1972352                    /usr/lib/jvm/java-7-openjdk-amd64/jre/lib/amd64/xawt/libmawt.so
7f1825740000-7f182593f000 ---p 00051000 fc:00 1972352                    /usr/lib/jvm/java-7-openjdk-amd64/jre/lib/amd64/xawt/libmawt.so
7f182593f000-7f1825940000 r--p 00050000 fc:00 1972352                    /usr/lib/jvm/java-7-openjdk-amd64/jre/lib/amd64/xawt/libmawt.so
7f1825940000-7f1825943000 rw-p 00051000 fc:00 1972352                    /usr/lib/jvm/java-7-openjdk-amd64/jre/lib/amd64/xawt/libmawt.so
7f1825943000-7f1825944000 rw-p 00000000 00:00 0 
7f1825944000-7f18259e4000 r-xp 00000000 fc:00 1972300                    /usr/lib/jvm/java-7-openjdk-amd64/jre/lib/amd64/libawt.so
7f18259e4000-7f1825be3000 ---p 000a0000 fc:00 1972300                    /usr/lib/jvm/java-7-openjdk-amd64/jre/lib/amd64/libawt.so
7f1825be3000-7f1825be4000 r--p 0009f000 fc:00 1972300                    /usr/lib/jvm/java-7-openjdk-amd64/jre/lib/amd64/libawt.so
7f1825be4000-7f1825bef000 rw-p 000a0000 fc:00 1972300                    /usr/lib/jvm/java-7-openjdk-amd64/jre/lib/amd64/libawt.so
7f1825bef000-7f1825c14000 rw-p 00000000 00:00 0 
7f1825c14000-7f1825c15000 ---p 00000000 00:00 0 
7f1825c15000-7f1825d15000 rw-p 00000000 00:00 0 
7f1825d15000-7f1825d18000 ---p 00000000 00:00 0 
7f1825d18000-7f1825e16000 rw-p 00000000 00:00 0                          [stack:1638]
7f1825e16000-7f1825e19000 ---p 00000000 00:00 0 
7f1825e19000-7f1825f17000 rw-p 00000000 00:00 0                          [stack:1637]
7f1825f17000-7f1825f1a000 ---p 00000000 00:00 0 
7f1825f1a000-7f1826018000 rw-p 00000000 00:00 0                          [stack:1636]
7f1826018000-7f182601b000 ---p 00000000 00:00 0 
7f182601b000-7f1826119000 rw-p 00000000 00:00 0                          [stack:1662]
7f1826119000-7f182611c000 ---p 00000000 00:00 0 
7f182611c000-7f182621a000 rw-p 00000000 00:00 0                          [stack:1632]
7f182621a000-7f182621d000 ---p 00000000 00:00 0 
7f182621d000-7f182631b000 rw-p 00000000 00:00 0                          [stack:1630]
7f182631b000-7f182631f000 r-xp 00000000 fc:00 1972272                    /usr/lib/jvm/java-7-openjdk-amd64/jre/lib/amd64/libdt_socket.so
7f182631f000-7f182651e000 ---p 00004000 fc:00 1972272                    /usr/lib/jvm/java-7-openjdk-amd64/jre/lib/amd64/libdt_socket.so
7f182651e000-7f182651f000 r--p 00003000 fc:00 1972272                    /usr/lib/jvm/java-7-openjdk-amd64/jre/lib/amd64/libdt_socket.so
7f182651f000-7f1826520000 rw-p 00004000 fc:00 1972272                    /usr/lib/jvm/java-7-openjdk-amd64/jre/lib/amd64/libdt_socket.so
7f1826520000-7f1826523000 ---p 00000000 00:00 0 
7f1826523000-7f1826621000 rw-p 00000000 00:00 0 
7f1826621000-7f1826624000 ---p 00000000 00:00 0 
7f1826624000-7f1826722000 rw-p 00000000 00:00 0                          [stack:1627]
7f1826722000-7f1826725000 ---p 00000000 00:00 0 
7f1826725000-7f1826823000 rw-p 00000000 00:00 0                          [stack:1626]
7f1826823000-7f1826824000 ---p 00000000 00:00 0 
7f1826824000-7f1828000000 rw-p 00000000 00:00 0                          [stack:1625]
7f1828000000-7f1828021000 rw-p 00000000 00:00 0 
7f1828021000-7f182c000000 ---p 00000000 00:00 0 
7f182c000000-7f182c021000 rw-p 00000000 00:00 0 
7f182c021000-7f1830000000 ---p 00000000 00:00 0 
7f1830000000-7f1830021000 rw-p 00000000 00:00 0 
7f1830021000-7f1834000000 ---p 00000000 00:00 0 
7f1834000000-7f1834021000 rw-p 00000000 00:00 0 
7f1834021000-7f1838000000 ---p 00000000 00:00 0 
7f1838000000-7f1838021000 rw-p 00000000 00:00 0 
7f1838021000-7f183c000000 ---p 00000000 00:00 0 
7f183c000000-7f183c021000 rw-p 00000000 00:00 0 
7f183c021000-7f1840000000 ---p 00000000 00:00 0 
7f1840006000-7f18405b7000 rw-p 00000000 00:00 0 
7f18405b7000-7f1840765000 r--s 01cfc000 fc:00 1972211                    /usr/lib/jvm/java-7-openjdk-amd64/jre/lib/rt.jar
7f1840765000-7f1841000000 rw-p 00000000 00:00 0 
7f1841000000-7f1841270000 rwxp 00000000 00:00 0 
7f1841270000-7f184427d000 rw-p 00000000 00:00 0 
7f184427d000-7f1848000000 ---p 00000000 00:00 0 
7f1848009000-7f18480de000 rw-p 00000000 00:00 0 
7f18480de000-7f18480df000 ---p 00000000 00:00 0 
7f18480df000-7f18481df000 rw-p 00000000 00:00 0                          [stack:1624]
7f18481df000-7f18481e0000 ---p 00000000 00:00 0 
7f18481e0000-7f18482e0000 rw-p 00000000 00:00 0                          [stack:1623]
7f18482e0000-7f18482e1000 ---p 00000000 00:00 0 
7f18482e1000-7f18483e1000 rw-p 00000000 00:00 0                          [stack:1622]
7f18483e1000-7f18483e2000 ---p 00000000 00:00 0 
7f18483e2000-7f18484e2000 rw-p 00000000 00:00 0                          [stack:1621]
7f18484e2000-7f18484e3000 ---p 00000000 00:00 0 
7f18484e3000-7f18485e3000 rw-p 00000000 00:00 0                          [stack:1620]
7f18485e3000-7f18485e4000 ---p 00000000 00:00 0 
7f18485e4000-7f18486e4000 rw-p 00000000 00:00 0                          [stack:1619]
7f18486e4000-7f18486e5000 ---p 00000000 00:00 0 
7f18486e5000-7f18487e5000 rw-p 00000000 00:00 0                          [stack:1618]
7f18487e5000-7f18487e6000 ---p 00000000 00:00 0 
7f18487e6000-7f18488f1000 rw-p 00000000 00:00 0                          [stack:1617]
7f18488f1000-7f1848939000 rw-p 00000000 00:00 0 
7f1848939000-7f184898d000 rw-p 00000000 00:00 0 
7f184898d000-7f1848e70000 rw-p 00000000 00:00 0 
7f1848e70000-7f1848e7b000 rw-p 00000000 00:00 0 
7f1848e7b000-7f1848ec3000 rw-p 00000000 00:00 0 
7f1848ec3000-7f1848f17000 rw-p 00000000 00:00 0 
7f1848f17000-7f18493f9000 rw-p 00000000 00:00 0 
7f18493f9000-7f1849424000 rw-p 00000000 00:00 0 
7f1849424000-7f1849695000 rw-p 00000000 00:00 0 
7f1849695000-7f1849696000 rw-p 00000000 00:00 0 
7f1849696000-7f184969e000 r-xp 00000000 fc:00 1972271                    /usr/lib/jvm/java-7-openjdk-amd64/jre/lib/amd64/libzip.so
7f184969e000-7f184989d000 ---p 00008000 fc:00 1972271                    /usr/lib/jvm/java-7-openjdk-amd64/jre/lib/amd64/libzip.so
7f184989d000-7f184989e000 r--p 00007000 fc:00 1972271                    /usr/lib/jvm/java-7-openjdk-amd64/jre/lib/amd64/libzip.so
7f184989e000-7f184989f000 rw-p 00008000 fc:00 1972271                    /usr/lib/jvm/java-7-openjdk-amd64/jre/lib/amd64/libzip.so
7f184989f000-7f18498aa000 r-xp 00000000 fc:00 659541                     /lib/x86_64-linux-gnu/libnss_files-2.19.so
7f18498aa000-7f1849aa9000 ---p 0000b000 fc:00 659541                     /lib/x86_64-linux-gnu/libnss_files-2.19.so
7f1849aa9000-7f1849aaa000 r--p 0000a000 fc:00 659541                     /lib/x86_64-linux-gnu/libnss_files-2.19.so
7f1849aaa000-7f1849aab000 rw-p 0000b000 fc:00 659541                     /lib/x86_64-linux-gnu/libnss_files-2.19.so
7f1849aab000-7f1849ab6000 r-xp 00000000 fc:00 659551                     /lib/x86_64-linux-gnu/libnss_nis-2.19.so
7f1849ab6000-7f1849cb5000 ---p 0000b000 fc:00 659551                     /lib/x86_64-linux-gnu/libnss_nis-2.19.so
7f1849cb5000-7f1849cb6000 r--p 0000a000 fc:00 659551                     /lib/x86_64-linux-gnu/libnss_nis-2.19.so
7f1849cb6000-7f1849cb7000 rw-p 0000b000 fc:00 659551                     /lib/x86_64-linux-gnu/libnss_nis-2.19.so
7f1849cb7000-7f1849cce000 r-xp 00000000 fc:00 659535                     /lib/x86_64-linux-gnu/libnsl-2.19.so
7f1849cce000-7f1849ecd000 ---p 00017000 fc:00 659535                     /lib/x86_64-linux-gnu/libnsl-2.19.so
7f1849ecd000-7f1849ece000 r--p 00016000 fc:00 659535                     /lib/x86_64-linux-gnu/libnsl-2.19.so
7f1849ece000-7f1849ecf000 rw-p 00017000 fc:00 659535                     /lib/x86_64-linux-gnu/libnsl-2.19.so
7f1849ecf000-7f1849ed1000 rw-p 00000000 00:00 0 
7f1849ed1000-7f1849eda000 r-xp 00000000 fc:00 659537                     /lib/x86_64-linux-gnu/libnss_compat-2.19.so
7f1849eda000-7f184a0d9000 ---p 00009000 fc:00 659537                     /lib/x86_64-linux-gnu/libnss_compat-2.19.so
7f184a0d9000-7f184a0da000 r--p 00008000 fc:00 659537                     /lib/x86_64-linux-gnu/libnss_compat-2.19.so
7f184a0da000-7f184a0db000 rw-p 00009000 fc:00 659537                     /lib/x86_64-linux-gnu/libnss_compat-2.19.so
7f184a0db000-7f184a8ad000 r--p 00000000 fc:00 1843151                    /usr/lib/locale/locale-archive
7f184a8ad000-7f184a8b0000 r-xp 00000000 fc:00 1972308                    /usr/lib/jvm/java-7-openjdk-amd64/jre/lib/amd64/libnpt.so
7f184a8b0000-7f184aaaf000 ---p 00003000 fc:00 1972308                    /usr/lib/jvm/java-7-openjdk-amd64/jre/lib/amd64/libnpt.so
7f184aaaf000-7f184aab0000 r--p 00002000 fc:00 1972308                    /usr/lib/jvm/java-7-openjdk-amd64/jre/lib/amd64/libnpt.so
7f184aab0000-7f184aab1000 rw-p 00003000 fc:00 1972308                    /usr/lib/jvm/java-7-openjdk-amd64/jre/lib/amd64/libnpt.so
7f184aab1000-7f184aaeb000 r-xp 00000000 fc:00 1972289                    /usr/lib/jvm/java-7-openjdk-amd64/jre/lib/amd64/libjdwp.so
7f184aaeb000-7f184acea000 ---p 0003a000 fc:00 1972289                    /usr/lib/jvm/java-7-openjdk-amd64/jre/lib/amd64/libjdwp.so
7f184acea000-7f184aceb000 r--p 00039000 fc:00 1972289                    /usr/lib/jvm/java-7-openjdk-amd64/jre/lib/amd64/libjdwp.so
7f184aceb000-7f184acec000 rw-p 0003a000 fc:00 1972289                    /usr/lib/jvm/java-7-openjdk-amd64/jre/lib/amd64/libjdwp.so
7f184acec000-7f184ad17000 r-xp 00000000 fc:00 1972267                    /usr/lib/jvm/java-7-openjdk-amd64/jre/lib/amd64/libjava.so
7f184ad17000-7f184af16000 ---p 0002b000 fc:00 1972267                    /usr/lib/jvm/java-7-openjdk-amd64/jre/lib/amd64/libjava.so
7f184af16000-7f184af17000 r--p 0002a000 fc:00 1972267                    /usr/lib/jvm/java-7-openjdk-amd64/jre/lib/amd64/libjava.so
7f184af17000-7f184af19000 rw-p 0002b000 fc:00 1972267                    /usr/lib/jvm/java-7-openjdk-amd64/jre/lib/amd64/libjava.so
7f184af19000-7f184af29000 r-xp 00000000 fc:00 1972307                    /usr/lib/jvm/java-7-openjdk-amd64/jre/lib/amd64/libverify.so
7f184af29000-7f184b128000 ---p 00010000 fc:00 1972307                    /usr/lib/jvm/java-7-openjdk-amd64/jre/lib/amd64/libverify.so
7f184b128000-7f184b12a000 r--p 0000f000 fc:00 1972307                    /usr/lib/jvm/java-7-openjdk-amd64/jre/lib/amd64/libverify.so
7f184b12a000-7f184b12b000 rw-p 00011000 fc:00 1972307                    /usr/lib/jvm/java-7-openjdk-amd64/jre/lib/amd64/libverify.so
7f184b12b000-7f184b132000 r-xp 00000000 fc:00 659594                     /lib/x86_64-linux-gnu/librt-2.19.so
7f184b132000-7f184b331000 ---p 00007000 fc:00 659594                     /lib/x86_64-linux-gnu/librt-2.19.so
7f184b331000-7f184b332000 r--p 00006000 fc:00 659594                     /lib/x86_64-linux-gnu/librt-2.19.so
7f184b332000-7f184b333000 rw-p 00007000 fc:00 659594                     /lib/x86_64-linux-gnu/librt-2.19.so
7f184b333000-7f184b349000 r-xp 00000000 fc:00 659493                     /lib/x86_64-linux-gnu/libgcc_s.so.1
7f184b349000-7f184b548000 ---p 00016000 fc:00 659493                     /lib/x86_64-linux-gnu/libgcc_s.so.1
7f184b548000-7f184b549000 rw-p 00015000 fc:00 659493                     /lib/x86_64-linux-gnu/libgcc_s.so.1
7f184b549000-7f184b64e000 r-xp 00000000 fc:00 659516                     /lib/x86_64-linux-gnu/libm-2.19.so
7f184b64e000-7f184b84d000 ---p 00105000 fc:00 659516                     /lib/x86_64-linux-gnu/libm-2.19.so
7f184b84d000-7f184b84e000 r--p 00104000 fc:00 659516                     /lib/x86_64-linux-gnu/libm-2.19.so
7f184b84e000-7f184b84f000 rw-p 00105000 fc:00 659516                     /lib/x86_64-linux-gnu/libm-2.19.so
7f184b84f000-7f184b935000 r-xp 00000000 fc:00 1845391                    /usr/lib/x86_64-linux-gnu/libstdc++.so.6.0.19
7f184b935000-7f184bb34000 ---p 000e6000 fc:00 1845391                    /usr/lib/x86_64-linux-gnu/libstdc++.so.6.0.19
7f184bb34000-7f184bb3c000 r--p 000e5000 fc:00 1845391                    /usr/lib/x86_64-linux-gnu/libstdc++.so.6.0.19
7f184bb3c000-7f184bb3e000 rw-p 000ed000 fc:00 1845391                    /usr/lib/x86_64-linux-gnu/libstdc++.so.6.0.19
7f184bb3e000-7f184bb53000 rw-p 00000000 00:00 0 
7f184bb53000-7f184c634000 r-xp 00000000 fc:00 1972284                    /usr/lib/jvm/java-7-openjdk-amd64/jre/lib/amd64/server/libjvm.so
7f184c634000-7f184c833000 ---p 00ae1000 fc:00 1972284                    /usr/lib/jvm/java-7-openjdk-amd64/jre/lib/amd64/server/libjvm.so
7f184c833000-7f184c8c5000 r--p 00ae0000 fc:00 1972284                    /usr/lib/jvm/java-7-openjdk-amd64/jre/lib/amd64/server/libjvm.so
7f184c8c5000-7f184c8e8000 rw-p 00b72000 fc:00 1972284                    /usr/lib/jvm/java-7-openjdk-amd64/jre/lib/amd64/server/libjvm.so
7f184c8e8000-7f184c915000 rw-p 00000000 00:00 0 
7f184c915000-7f184c92d000 r-xp 00000000 fc:00 659629                     /lib/x86_64-linux-gnu/libz.so.1.2.8
7f184c92d000-7f184cb2c000 ---p 00018000 fc:00 659629                     /lib/x86_64-linux-gnu/libz.so.1.2.8
7f184cb2c000-7f184cb2d000 r--p 00017000 fc:00 659629                     /lib/x86_64-linux-gnu/libz.so.1.2.8
7f184cb2d000-7f184cb2e000 rw-p 00018000 fc:00 659629                     /lib/x86_64-linux-gnu/libz.so.1.2.8
7f184cb2e000-7f184cb47000 r-xp 00000000 fc:00 659586                     /lib/x86_64-linux-gnu/libpthread-2.19.so
7f184cb47000-7f184cd46000 ---p 00019000 fc:00 659586                     /lib/x86_64-linux-gnu/libpthread-2.19.so
7f184cd46000-7f184cd47000 r--p 00018000 fc:00 659586                     /lib/x86_64-linux-gnu/libpthread-2.19.so
7f184cd47000-7f184cd48000 rw-p 00019000 fc:00 659586                     /lib/x86_64-linux-gnu/libpthread-2.19.so
7f184cd48000-7f184cd4c000 rw-p 00000000 00:00 0 
7f184cd4c000-7f184cd4f000 r-xp 00000000 fc:00 659483                     /lib/x86_64-linux-gnu/libdl-2.19.so
7f184cd4f000-7f184cf4e000 ---p 00003000 fc:00 659483                     /lib/x86_64-linux-gnu/libdl-2.19.so
7f184cf4e000-7f184cf4f000 r--p 00002000 fc:00 659483                     /lib/x86_64-linux-gnu/libdl-2.19.so
7f184cf4f000-7f184cf50000 rw-p 00003000 fc:00 659483                     /lib/x86_64-linux-gnu/libdl-2.19.so
7f184cf50000-7f184d10c000 r-xp 00000000 fc:00 659466                     /lib/x86_64-linux-gnu/libc-2.19.so
7f184d10c000-7f184d30b000 ---p 001bc000 fc:00 659466                     /lib/x86_64-linux-gnu/libc-2.19.so
7f184d30b000-7f184d30f000 r--p 001bb000 fc:00 659466                     /lib/x86_64-linux-gnu/libc-2.19.so
7f184d30f000-7f184d311000 rw-p 001bf000 fc:00 659466                     /lib/x86_64-linux-gnu/libc-2.19.so
7f184d311000-7f184d316000 rw-p 00000000 00:00 0 
7f184d316000-7f184d323000 r-xp 00000000 fc:00 1972299                    /usr/lib/jvm/java-7-openjdk-amd64/jre/lib/amd64/jli/libjli.so
7f184d323000-7f184d522000 ---p 0000d000 fc:00 1972299                    /usr/lib/jvm/java-7-openjdk-amd64/jre/lib/amd64/jli/libjli.so
7f184d522000-7f184d523000 r--p 0000c000 fc:00 1972299                    /usr/lib/jvm/java-7-openjdk-amd64/jre/lib/amd64/jli/libjli.so
7f184d523000-7f184d524000 rw-p 0000d000 fc:00 1972299                    /usr/lib/jvm/java-7-openjdk-amd64/jre/lib/amd64/jli/libjli.so
7f184d524000-7f184d547000 r-xp 00000000 fc:00 659442                     /lib/x86_64-linux-gnu/ld-2.19.so
7f184d547000-7f184d550000 r--s 000b9000 fc:00 1972225                    /usr/lib/jvm/java-7-openjdk-amd64/jre/lib/resources.jar
7f184d550000-7f184d55b000 r--s 00203000 fc:00 1972212                    /usr/lib/jvm/java-7-openjdk-amd64/jre/lib/charsets.jar
7f184d55b000-7f184d565000 rw-p 00000000 00:00 0 
7f184d565000-7f184d61b000 rw-p 00000000 00:00 0 
7f184d61b000-7f184d61e000 ---p 00000000 00:00 0 
7f184d61e000-7f184d721000 rw-p 00000000 00:00 0                          [stack:1613]
7f184d725000-7f184d727000 rw-p 00000000 00:00 0 
7f184d727000-7f184d728000 r--s 00002000 fc:00 1972221                    /usr/lib/jvm/java-7-openjdk-amd64/jre/lib/ext/dnsns.jar
7f184d728000-7f184d72c000 r--s 0003b000 fc:00 1972220                    /usr/lib/jvm/java-7-openjdk-amd64/jre/lib/ext/sunpkcs11.jar
7f184d72c000-7f184d72e000 r--s 00012000 fc:00 1972216                    /usr/lib/jvm/java-7-openjdk-amd64/jre/lib/ext/zipfs.jar
7f184d72e000-7f184d732000 r--s 00085000 fc:00 1972219                    /usr/lib/jvm/java-7-openjdk-amd64/jre/lib/ext/localedata.jar
7f184d732000-7f184d734000 r--s 00006000 fc:00 2236921                    /usr/share/java/java-atk-wrapper.jar
7f184d734000-7f184d737000 r--s 0000f000 fc:00 1972215                    /usr/lib/jvm/java-7-openjdk-amd64/jre/lib/ext/pulse-java.jar
7f184d737000-7f184d73a000 r--s 00032000 fc:00 1972218                    /usr/lib/jvm/java-7-openjdk-amd64/jre/lib/ext/sunjce_provider.jar
7f184d73a000-7f184d742000 rw-s 00000000 fc:00 1441860                    /tmp/hsperfdata_beenotung/1609
7f184d742000-7f184d743000 rw-p 00000000 00:00 0 
7f184d743000-7f184d744000 ---p 00000000 00:00 0 
7f184d744000-7f184d746000 rw-p 00000000 00:00 0 
7f184d746000-7f184d747000 r--p 00022000 fc:00 659442                     /lib/x86_64-linux-gnu/ld-2.19.so
7f184d747000-7f184d748000 rw-p 00023000 fc:00 659442                     /lib/x86_64-linux-gnu/ld-2.19.so
7f184d748000-7f184d749000 rw-p 00000000 00:00 0 
7fff73ecf000-7fff73ef0000 rw-p 00000000 00:00 0                          [stack]
7fff73ffe000-7fff74000000 r-xp 00000000 00:00 0                          [vdso]
ffffffffff600000-ffffffffff601000 r-xp 00000000 00:00 0                  [vsyscall]

VM Arguments:
jvm_args: -agentlib:jdwp=transport=dt_socket,suspend=y,address=localhost:47437 -Dfile.encoding=UTF-8 
java_command: Main
Launcher Type: SUN_STANDARD

Environment Variables:
PATH=/usr/games:/home/beenotung/bin:/usr/local/sbin:/usr/local/bin:/usr/sbin:/usr/bin:/sbin:/bin:/usr/games:/usr/local/games
SHELL=/bin/bash
DISPLAY=:0

Signal Handlers:
SIGSEGV: [libjvm.so+0x918620], sa_mask[0]=0x7ffbfeff, sa_flags=0x10000004
SIGBUS: [libjvm.so+0x918620], sa_mask[0]=0x7ffbfeff, sa_flags=0x10000004
SIGFPE: [libjvm.so+0x795e30], sa_mask[0]=0x7ffbfeff, sa_flags=0x10000004
SIGPIPE: [libjvm.so+0x795e30], sa_mask[0]=0x7ffbfeff, sa_flags=0x10000004
SIGXFSZ: [libjvm.so+0x795e30], sa_mask[0]=0x7ffbfeff, sa_flags=0x10000004
SIGILL: [libjvm.so+0x795e30], sa_mask[0]=0x7ffbfeff, sa_flags=0x10000004
SIGUSR1: SIG_DFL, sa_mask[0]=0x00000000, sa_flags=0x00000000
SIGUSR2: [libjvm.so+0x795cd0], sa_mask[0]=0x00000004, sa_flags=0x10000004
SIGHUP: [libjvm.so+0x795eb0], sa_mask[0]=0x7ffbfeff, sa_flags=0x10000004
SIGINT: [libjvm.so+0x795eb0], sa_mask[0]=0x7ffbfeff, sa_flags=0x10000004
SIGTERM: [libjvm.so+0x795eb0], sa_mask[0]=0x7ffbfeff, sa_flags=0x10000004
SIGQUIT: [libjvm.so+0x795eb0], sa_mask[0]=0x7ffbfeff, sa_flags=0x10000004


---------------  S Y S T E M  ---------------

OS:Ubuntu 14.04 (trusty)
uname:Linux 3.13.0-30-generic #55-Ubuntu SMP Fri Jul 4 21:40:53 UTC 2014 x86_64
libc:glibc 2.19 NPTL 2.19 
rlimit: STACK 8192k, CORE 0k, NPROC 127890, NOFILE 4096, AS infinity
load average:1.46 1.41 0.94

/proc/meminfo:
MemTotal:       16392440 kB
MemFree:        11665052 kB
Buffers:          205816 kB
Cached:          1749952 kB
SwapCached:            0 kB
Active:          3168740 kB
Inactive:        1088444 kB
Active(anon):    2303820 kB
Inactive(anon):    67992 kB
Active(file):     864920 kB
Inactive(file):  1020452 kB
Unevictable:         240 kB
Mlocked:             240 kB
SwapTotal:      33554428 kB
SwapFree:       33554428 kB
Dirty:              4720 kB
Writeback:             0 kB
AnonPages:       2302032 kB
Mapped:           292640 kB
Shmem:             70020 kB
Slab:             232396 kB
SReclaimable:     180000 kB
SUnreclaim:        52396 kB
KernelStack:        8072 kB
PageTables:        61280 kB
NFS_Unstable:          0 kB
Bounce:                0 kB
WritebackTmp:          0 kB
CommitLimit:    41750648 kB
Committed_AS:    8291204 kB
VmallocTotal:   34359738367 kB
VmallocUsed:      165912 kB
VmallocChunk:   34359489840 kB
HardwareCorrupted:     0 kB
AnonHugePages:    641024 kB
HugePages_Total:       0
HugePages_Free:        0
HugePages_Rsvd:        0
HugePages_Surp:        0
Hugepagesize:       2048 kB
DirectMap4k:       67104 kB
DirectMap2M:    16668672 kB


CPU:total 8 (4 cores per cpu, 2 threads per core) family 6 model 58 stepping 9, cmov, cx8, fxsr, mmx, sse, sse2, sse3, ssse3, sse4.1, sse4.2, popcnt, avx, aes, erms, ht, tsc, tscinvbit, tscinv

/proc/cpuinfo:
processor	: 0
vendor_id	: GenuineIntel
cpu family	: 6
model		: 58
model name	: Intel(R) Xeon(R) CPU E3-1230 V2 @ 3.30GHz
stepping	: 9
microcode	: 0x12
cpu MHz		: 2800.000
cache size	: 8192 KB
physical id	: 0
siblings	: 8
core id		: 0
cpu cores	: 4
apicid		: 0
initial apicid	: 0
fpu		: yes
fpu_exception	: yes
cpuid level	: 13
wp		: yes
flags		: fpu vme de pse tsc msr pae mce cx8 apic sep mtrr pge mca cmov pat pse36 clflush dts acpi mmx fxsr sse sse2 ss ht tm pbe syscall nx rdtscp lm constant_tsc arch_perfmon pebs bts rep_good nopl xtopology nonstop_tsc aperfmperf eagerfpu pni pclmulqdq dtes64 monitor ds_cpl vmx smx est tm2 ssse3 cx16 xtpr pdcm pcid sse4_1 sse4_2 x2apic popcnt tsc_deadline_timer aes xsave avx f16c rdrand lahf_lm ida arat epb xsaveopt pln pts dtherm tpr_shadow vnmi flexpriority ept vpid fsgsbase smep erms
bogomips	: 6585.15
clflush size	: 64
cache_alignment	: 64
address sizes	: 36 bits physical, 48 bits virtual
power management:

processor	: 1
vendor_id	: GenuineIntel
cpu family	: 6
model		: 58
model name	: Intel(R) Xeon(R) CPU E3-1230 V2 @ 3.30GHz
stepping	: 9
microcode	: 0x12
cpu MHz		: 1600.000
cache size	: 8192 KB
physical id	: 0
siblings	: 8
core id		: 1
cpu cores	: 4
apicid		: 2
initial apicid	: 2
fpu		: yes
fpu_exception	: yes
cpuid level	: 13
wp		: yes
flags		: fpu vme de pse tsc msr pae mce cx8 apic sep mtrr pge mca cmov pat pse36 clflush dts acpi mmx fxsr sse sse2 ss ht tm pbe syscall nx rdtscp lm constant_tsc arch_perfmon pebs bts rep_good nopl xtopology nonstop_tsc aperfmperf eagerfpu pni pclmulqdq dtes64 monitor ds_cpl vmx smx est tm2 ssse3 cx16 xtpr pdcm pcid sse4_1 sse4_2 x2apic popcnt tsc_deadline_timer aes xsave avx f16c rdrand lahf_lm ida arat epb xsaveopt pln pts dtherm tpr_shadow vnmi flexpriority ept vpid fsgsbase smep erms
bogomips	: 6585.15
clflush size	: 64
cache_alignment	: 64
address sizes	: 36 bits physical, 48 bits virtual
power management:

processor	: 2
vendor_id	: GenuineIntel
cpu family	: 6
model		: 58
model name	: Intel(R) Xeon(R) CPU E3-1230 V2 @ 3.30GHz
stepping	: 9
microcode	: 0x12
cpu MHz		: 2500.000
cache size	: 8192 KB
physical id	: 0
siblings	: 8
core id		: 2
cpu cores	: 4
apicid		: 4
initial apicid	: 4
fpu		: yes
fpu_exception	: yes
cpuid level	: 13
wp		: yes
flags		: fpu vme de pse tsc msr pae mce cx8 apic sep mtrr pge mca cmov pat pse36 clflush dts acpi mmx fxsr sse sse2 ss ht tm pbe syscall nx rdtscp lm constant_tsc arch_perfmon pebs bts rep_good nopl xtopology nonstop_tsc aperfmperf eagerfpu pni pclmulqdq dtes64 monitor ds_cpl vmx smx est tm2 ssse3 cx16 xtpr pdcm pcid sse4_1 sse4_2 x2apic popcnt tsc_deadline_timer aes xsave avx f16c rdrand lahf_lm ida arat epb xsaveopt pln pts dtherm tpr_shadow vnmi flexpriority ept vpid fsgsbase smep erms
bogomips	: 6585.15
clflush size	: 64
cache_alignment	: 64
address sizes	: 36 bits physical, 48 bits virtual
power management:

processor	: 3
vendor_id	: GenuineIntel
cpu family	: 6
model		: 58
model name	: Intel(R) Xeon(R) CPU E3-1230 V2 @ 3.30GHz
stepping	: 9
microcode	: 0x12
cpu MHz		: 3701.000
cache size	: 8192 KB
physical id	: 0
siblings	: 8
core id		: 3
cpu cores	: 4
apicid		: 6
initial apicid	: 6
fpu		: yes
fpu_exception	: yes
cpuid level	: 13
wp		: yes
flags		: fpu vme de pse tsc msr pae mce cx8 apic sep mtrr pge mca cmov pat pse36 clflush dts acpi mmx fxsr sse sse2 ss ht tm pbe syscall nx rdtscp lm constant_tsc arch_perfmon pebs bts rep_good nopl xtopology nonstop_tsc aperfmperf eagerfpu pni pclmulqdq dtes64 monitor ds_cpl vmx smx est tm2 ssse3 cx16 xtpr pdcm pcid sse4_1 sse4_2 x2apic popcnt tsc_deadline_timer aes xsave avx f16c rdrand lahf_lm ida arat epb xsaveopt pln pts dtherm tpr_shadow vnmi flexpriority ept vpid fsgsbase smep erms
bogomips	: 6585.15
clflush size	: 64
cache_alignment	: 64
address sizes	: 36 bits physical, 48 bits virtual
power management:

processor	: 4
vendor_id	: GenuineIntel
cpu family	: 6
model		: 58
model name	: Intel(R) Xeon(R) CPU E3-1230 V2 @ 3.30GHz
stepping	: 9
microcode	: 0x12
cpu MHz		: 3200.000
cache size	: 8192 KB
physical id	: 0
siblings	: 8
core id		: 0
cpu cores	: 4
apicid		: 1
initial apicid	: 1
fpu		: yes
fpu_exception	: yes
cpuid level	: 13
wp		: yes
flags		: fpu vme de pse tsc msr pae mce cx8 apic sep mtrr pge mca cmov pat pse36 clflush dts acpi mmx fxsr sse sse2 ss ht tm pbe syscall nx rdtscp lm constant_tsc arch_perfmon pebs bts rep_good nopl xtopology nonstop_tsc aperfmperf eagerfpu pni pclmulqdq dtes64 monitor ds_cpl vmx smx est tm2 ssse3 cx16 xtpr pdcm pcid sse4_1 sse4_2 x2apic popcnt tsc_deadline_timer aes xsave avx f16c rdrand lahf_lm ida arat epb xsaveopt pln pts dtherm tpr_shadow vnmi flexpriority ept vpid fsgsbase smep erms
bogomips	: 6585.15
clflush size	: 64
cache_alignment	: 64
address sizes	: 36 bits physical, 48 bits virtual
power management:

processor	: 5
vendor_id	: GenuineIntel
cpu family	: 6
model		: 58
model name	: Intel(R) Xeon(R) CPU E3-1230 V2 @ 3.30GHz
stepping	: 9
microcode	: 0x12
cpu MHz		: 1900.000
cache size	: 8192 KB
physical id	: 0
siblings	: 8
core id		: 1
cpu cores	: 4
apicid		: 3
initial apicid	: 3
fpu		: yes
fpu_exception	: yes
cpuid level	: 13
wp		: yes
flags		: fpu vme de pse tsc msr pae mce cx8 apic sep mtrr pge mca cmov pat pse36 clflush dts acpi mmx fxsr sse sse2 ss ht tm pbe syscall nx rdtscp lm constant_tsc arch_perfmon pebs bts rep_good nopl xtopology nonstop_tsc aperfmperf eagerfpu pni pclmulqdq dtes64 monitor ds_cpl vmx smx est tm2 ssse3 cx16 xtpr pdcm pcid sse4_1 sse4_2 x2apic popcnt tsc_deadline_timer aes xsave avx f16c rdrand lahf_lm ida arat epb xsaveopt pln pts dtherm tpr_shadow vnmi flexpriority ept vpid fsgsbase smep erms
bogomips	: 6585.15
clflush size	: 64
cache_alignment	: 64
address sizes	: 36 bits physical, 48 bits virtual
power management:

processor	: 6
vendor_id	: GenuineIntel
cpu family	: 6
model		: 58
model name	: Intel(R) Xeon(R) CPU E3-1230 V2 @ 3.30GHz
stepping	: 9
microcode	: 0x12
cpu MHz		: 1600.000
cache size	: 8192 KB
physical id	: 0
siblings	: 8
core id		: 2
cpu cores	: 4
apicid		: 5
initial apicid	: 5
fpu		: yes
fpu_exception	: yes
cpuid level	: 13
wp		: yes
flags		: fpu vme de pse tsc msr pae mce cx8 apic sep mtrr pge mca cmov pat pse36 clflush dts acpi mmx fxsr sse sse2 ss ht tm pbe syscall nx rdtscp lm constant_tsc arch_perfmon pebs bts rep_good nopl xtopology nonstop_tsc aperfmperf eagerfpu pni pclmulqdq dtes64 monitor ds_cpl vmx smx est tm2 ssse3 cx16 xtpr pdcm pcid sse4_1 sse4_2 x2apic popcnt tsc_deadline_timer aes xsave avx f16c rdrand lahf_lm ida arat epb xsaveopt pln pts dtherm tpr_shadow vnmi flexpriority ept vpid fsgsbase smep erms
bogomips	: 6585.15
clflush size	: 64
cache_alignment	: 64
address sizes	: 36 bits physical, 48 bits virtual
power management:

processor	: 7
vendor_id	: GenuineIntel
cpu family	: 6
model		: 58
model name	: Intel(R) Xeon(R) CPU E3-1230 V2 @ 3.30GHz
stepping	: 9
microcode	: 0x12
cpu MHz		: 1600.000
cache size	: 8192 KB
physical id	: 0
siblings	: 8
core id		: 3
cpu cores	: 4
apicid		: 7
initial apicid	: 7
fpu		: yes
fpu_exception	: yes
cpuid level	: 13
wp		: yes
flags		: fpu vme de pse tsc msr pae mce cx8 apic sep mtrr pge mca cmov pat pse36 clflush dts acpi mmx fxsr sse sse2 ss ht tm pbe syscall nx rdtscp lm constant_tsc arch_perfmon pebs bts rep_good nopl xtopology nonstop_tsc aperfmperf eagerfpu pni pclmulqdq dtes64 monitor ds_cpl vmx smx est tm2 ssse3 cx16 xtpr pdcm pcid sse4_1 sse4_2 x2apic popcnt tsc_deadline_timer aes xsave avx f16c rdrand lahf_lm ida arat epb xsaveopt pln pts dtherm tpr_shadow vnmi flexpriority ept vpid fsgsbase smep erms
bogomips	: 6585.15
clflush size	: 64
cache_alignment	: 64
address sizes	: 36 bits physical, 48 bits virtual
power management:



Memory: 4k page, physical 16392440k(11665052k free), swap 33554428k(33554428k free)

vm_info: OpenJDK 64-Bit Server VM (24.51-b03) for linux-amd64 JRE (1.7.0_55-b14), built on Apr 17 2014 20:08:07 by "buildd" with gcc 4.8.2

time: Wed Jul 16 15:54:29 2014
elapsed time: 12 seconds

